# JRE version: Java(TM) SE Runtime Environment (7.0_45-b18) (build 1.7.0_45-b18)
# Java VM: Java HotSpot(TM) 64-Bit Server VM (24.45-b08 mixed mode windows-amd64 compressed oops)
Heap
 PSYoungGen      total 116736K, used 58368K [0x00000000f5500000, 0x0000000100000000, 0x0000000100000000)
  eden space 58368K, 100% used [0x00000000f5500000,0x00000000f8e00000,0x00000000f8e00000)
  from space 58368K, 0% used [0x00000000f8e00000,0x00000000f8e00000,0x00000000fc700000)
  to   space 58368K, 0% used [0x00000000fc700000,0x00000000fc700000,0x0000000100000000)
 ParOldGen       total 349184K, used 349020K [0x00000000e0000000, 0x00000000f5500000, 0x00000000f5500000)
  object space 349184K, 99% used [0x00000000e0000000,0x00000000f54d7370,0x00000000f5500000)
 PSPermGen       total 130560K, used 130097K [0x00000000d4000000, 0x00000000dbf80000, 0x00000000e0000000)
  object space 130560K, 99% used [0x00000000d4000000,0x00000000dbf0c508,0x00000000dbf80000)
GC Heap History (10 events):
Event: 689.102 GC heap before
{Heap before GC invocations=647 (full 468):
 PSYoungGen      total 116736K, used 58368K [0x00000000f5500000, 0x0000000100000000, 0x0000000100000000)
  eden space 58368K, 100% used [0x00000000f5500000,0x00000000f8e00000,0x00000000f8e00000)
  from space 58368K, 0% used [0x00000000f8e00000,0x00000000f8e00000,0x00000000fc700000)
  to   space 58368K, 0% used [0x00000000fc700000,0x00000000fc700000,0x0000000100000000)
 ParOldGen       total 349184K, used 349021K [0x00000000e0000000, 0x00000000f5500000, 0x00000000f5500000)
  object space 349184K, 99% used [0x00000000e0000000,0x00000000f54d7420,0x00000000f5500000)
 PSPermGen       total 130560K, used 130097K [0x00000000d4000000, 0x00000000dbf80000, 0x00000000e0000000)
  object space 130560K, 99% used [0x00000000d4000000,0x00000000dbf0c428,0x00000000dbf80000)
Event: 689.570 GC heap after
Heap after GC invocations=647 (full 468):
 PSYoungGen      total 116736K, used 56273K [0x00000000f5500000, 0x0000000100000000, 0x0000000100000000)
  eden space 58368K, 96% used [0x00000000f5500000,0x00000000f8bf46a0,0x00000000f8e00000)
  from space 58368K, 0% used [0x00000000f8e00000,0x00000000f8e00000,0x00000000fc700000)
  to   space 58368K, 0% used [0x00000000fc700000,0x00000000fc700000,0x0000000100000000)
 ParOldGen       total 349184K, used 349020K [0x00000000e0000000, 0x00000000f5500000, 0x00000000f5500000)
  object space 349184K, 99% used [0x00000000e0000000,0x00000000f54d7370,0x00000000f5500000)
 PSPermGen       total 130560K, used 130097K [0x00000000d4000000, 0x00000000dbf80000, 0x00000000e0000000)
  object space 130560K, 99% used [0x00000000d4000000,0x00000000dbf0c428,0x00000000dbf80000)
}
Event: 689.578 GC heap before
{Heap before GC invocations=648 (full 469):
 PSYoungGen      total 116736K, used 58368K [0x00000000f5500000, 0x0000000100000000, 0x0000000100000000)
  eden space 58368K, 100% used [0x00000000f5500000,0x00000000f8e00000,0x00000000f8e00000)
  from space 58368K, 0% used [0x00000000f8e00000,0x00000000f8e00000,0x00000000fc700000)
  to   space 58368K, 0% used [0x00000000fc700000,0x00000000fc700000,0x0000000100000000)
 ParOldGen       total 349184K, used 349020K [0x00000000e0000000, 0x00000000f5500000, 0x00000000f5500000)
  object space 349184K, 99% used [0x00000000e0000000,0x00000000f54d7370,0x00000000f5500000)
 PSPermGen       total 130560K, used 130097K [0x00000000d4000000, 0x00000000dbf80000, 0x00000000e0000000)
  object space 130560K, 99% used [0x00000000d4000000,0x00000000dbf0c428,0x00000000dbf80000)
Event: 690.035 GC heap after
Heap after GC invocations=648 (full 469):
 PSYoungGen      total 116736K, used 56297K [0x00000000f5500000, 0x0000000100000000, 0x0000000100000000)
  eden space 58368K, 96% used [0x00000000f5500000,0x00000000f8bfa458,0x00000000f8e00000)
  from space 58368K, 0% used [0x00000000f8e00000,0x00000000f8e00000,0x00000000fc700000)
  to   space 58368K, 0% used [0x00000000fc700000,0x00000000fc700000,0x0000000100000000)
 ParOldGen       total 349184K, used 349020K [0x00000000e0000000, 0x00000000f5500000, 0x00000000f5500000)
  object space 349184K, 99% used [0x00000000e0000000,0x00000000f54d7370,0x00000000f5500000)
 PSPermGen       total 130560K, used 130097K [0x00000000d4000000, 0x00000000dbf80000, 0x00000000e0000000)
  object space 130560K, 99% used [0x00000000d4000000,0x00000000dbf0c428,0x00000000dbf80000)
}
Event: 690.040 GC heap before
{Heap before GC invocations=649 (full 470):
 PSYoungGen      total 116736K, used 58368K [0x00000000f5500000, 0x0000000100000000, 0x0000000100000000)
  eden space 58368K, 100% used [0x00000000f5500000,0x00000000f8e00000,0x00000000f8e00000)
  from space 58368K, 0% used [0x00000000f8e00000,0x00000000f8e00000,0x00000000fc700000)
  to   space 58368K, 0% used [0x00000000fc700000,0x00000000fc700000,0x0000000100000000)
 ParOldGen       total 349184K, used 349020K [0x00000000e0000000, 0x00000000f5500000, 0x00000000f5500000)
  object space 349184K, 99% used [0x00000000e0000000,0x00000000f54d7370,0x00000000f5500000)
 PSPermGen       total 130560K, used 130097K [0x00000000d4000000, 0x00000000dbf80000, 0x00000000e0000000)
  object space 130560K, 99% used [0x00000000d4000000,0x00000000dbf0c428,0x00000000dbf80000)
Event: 690.532 GC heap after
Heap after GC invocations=649 (full 470):
 PSYoungGen      total 116736K, used 56347K [0x00000000f5500000, 0x0000000100000000, 0x0000000100000000)
  eden space 58368K, 96% used [0x00000000f5500000,0x00000000f8c06d70,0x00000000f8e00000)
  from space 58368K, 0% used [0x00000000f8e00000,0x00000000f8e00000,0x00000000fc700000)
  to   space 58368K, 0% used [0x00000000fc700000,0x00000000fc700000,0x0000000100000000)
 ParOldGen       total 349184K, used 349020K [0x00000000e0000000, 0x00000000f5500000, 0x00000000f5500000)
  object space 349184K, 99% used [0x00000000e0000000,0x00000000f54d7370,0x00000000f5500000)
 PSPermGen       total 130560K, used 130097K [0x00000000d4000000, 0x00000000dbf80000, 0x00000000e0000000)
  object space 130560K, 99% used [0x00000000d4000000,0x00000000dbf0c428,0x00000000dbf80000)
}
Event: 690.542 GC heap before
{Heap before GC invocations=650 (full 471):
 PSYoungGen      total 116736K, used 58368K [0x00000000f5500000, 0x0000000100000000, 0x0000000100000000)
  eden space 58368K, 100% used [0x00000000f5500000,0x00000000f8e00000,0x00000000f8e00000)
  from space 58368K, 0% used [0x00000000f8e00000,0x00000000f8e00000,0x00000000fc700000)
  to   space 58368K, 0% used [0x00000000fc700000,0x00000000fc700000,0x0000000100000000)
 ParOldGen       total 349184K, used 349020K [0x00000000e0000000, 0x00000000f5500000, 0x00000000f5500000)
  object space 349184K, 99% used [0x00000000e0000000,0x00000000f54d7370,0x00000000f5500000)
 PSPermGen       total 130560K, used 130097K [0x00000000d4000000, 0x00000000dbf80000, 0x00000000e0000000)
  object space 130560K, 99% used [0x00000000d4000000,0x00000000dbf0c428,0x00000000dbf80000)
Event: 690.993 GC heap after
Heap after GC invocations=650 (full 471):
 PSYoungGen      total 116736K, used 56279K [0x00000000f5500000, 0x0000000100000000, 0x0000000100000000)
  eden space 58368K, 96% used [0x00000000f5500000,0x00000000f8bf5f58,0x00000000f8e00000)
  from space 58368K, 0% used [0x00000000f8e00000,0x00000000f8e00000,0x00000000fc700000)
  to   space 58368K, 0% used [0x00000000fc700000,0x00000000fc700000,0x0000000100000000)
 ParOldGen       total 349184K, used 349020K [0x00000000e0000000, 0x00000000f5500000, 0x00000000f5500000)
  object space 349184K, 99% used [0x00000000e0000000,0x00000000f54d7370,0x00000000f5500000)
 PSPermGen       total 130560K, used 130097K [0x00000000d4000000, 0x00000000dbf80000, 0x00000000e0000000)
  object space 130560K, 99% used [0x00000000d4000000,0x00000000dbf0c428,0x00000000dbf80000)
}
Event: 690.999 GC heap before
{Heap before GC invocations=651 (full 472):
 PSYoungGen      total 116736K, used 58368K [0x00000000f5500000, 0x0000000100000000, 0x0000000100000000)
  eden space 58368K, 100% used [0x00000000f5500000,0x00000000f8e00000,0x00000000f8e00000)
  from space 58368K, 0% used [0x00000000f8e00000,0x00000000f8e00000,0x00000000fc700000)
  to   space 58368K, 0% used [0x00000000fc700000,0x00000000fc700000,0x0000000100000000)
 ParOldGen       total 349184K, used 349020K [0x00000000e0000000, 0x00000000f5500000, 0x00000000f5500000)
  object space 349184K, 99% used [0x00000000e0000000,0x00000000f54d7370,0x00000000f5500000)
 PSPermGen       total 130560K, used 130097K [0x00000000d4000000, 0x00000000dbf80000, 0x00000000e0000000)
  object space 130560K, 99% used [0x00000000d4000000,0x00000000dbf0c428,0x00000000dbf80000)
Event: 691.504 GC heap after
Heap after GC invocations=651 (full 472):
 PSYoungGen      total 116736K, used 56299K [0x00000000f5500000, 0x0000000100000000, 0x0000000100000000)
  eden space 58368K, 96% used [0x00000000f5500000,0x00000000f8bfae70,0x00000000f8e00000)
  from space 58368K, 0% used [0x00000000f8e00000,0x00000000f8e00000,0x00000000fc700000)
  to   space 58368K, 0% used [0x00000000fc700000,0x00000000fc700000,0x0000000100000000)
 ParOldGen       total 349184K, used 349020K [0x00000000e0000000, 0x00000000f5500000, 0x00000000f5500000)
  object space 349184K, 99% used [0x00000000e0000000,0x00000000f54d7370,0x00000000f5500000)
 PSPermGen       total 130560K, used 130097K [0x00000000d4000000, 0x00000000dbf80000, 0x00000000e0000000)
  object space 130560K, 99% used [0x00000000d4000000,0x00000000dbf0c428,0x00000000dbf80000)
}

